This is pdfTeX, Version 3.14159265-2.6-1.40.21 (MiKTeX 2.9.7440 64-bit) (preloaded format=pdflatex 2020.5.22)  14 JAN 2022 16:43
entering extended mode
**./PageRank.tex
(PageRank.tex
LaTeX2e <2020-02-02> patch level 5
L3 programming layer <2020-05-15> ("C:\MiKTeX 2.9\tex/latex/beamer\beamer.cls"
Document Class: beamer 2020/05/06 v3.58 A class for typesetting presentations
("C:\MiKTeX 2.9\tex/latex/beamer\beamerbasemodes.sty"
("C:\MiKTeX 2.9\tex/latex/etoolbox\etoolbox.sty"
Package: etoolbox 2019/09/21 v2.5h e-TeX tools for LaTeX (JAW)
\etb@tempcnta=\count167
)
\beamer@tempbox=\box45
\beamer@tempcount=\count168
\c@beamerpauses=\count169

("C:\MiKTeX 2.9\tex/latex/beamer\beamerbasedecode.sty"
\beamer@slideinframe=\count170
\beamer@minimum=\count171
\beamer@decode@box=\box46
)
\beamer@commentbox=\box47
\beamer@modecount=\count172
)
("C:\MiKTeX 2.9\tex/generic/iftex\ifpdf.sty"
Package: ifpdf 2019/10/25 v3.4 ifpdf legacy package. Use iftex instead.

("C:\MiKTeX 2.9\tex/generic/iftex\iftex.sty"
Package: iftex 2020/03/06 v1.0d TeX engine tests
))
\headdp=\dimen134
\footheight=\dimen135
\sidebarheight=\dimen136
\beamer@tempdim=\dimen137
\beamer@finalheight=\dimen138
\beamer@animht=\dimen139
\beamer@animdp=\dimen140
\beamer@animwd=\dimen141
\beamer@leftmargin=\dimen142
\beamer@rightmargin=\dimen143
\beamer@leftsidebar=\dimen144
\beamer@rightsidebar=\dimen145
\beamer@boxsize=\dimen146
\beamer@vboxoffset=\dimen147
\beamer@descdefault=\dimen148
\beamer@descriptionwidth=\dimen149
\beamer@lastskip=\skip47
\beamer@areabox=\box48
\beamer@animcurrent=\box49
\beamer@animshowbox=\box50
\beamer@sectionbox=\box51
\beamer@logobox=\box52
\beamer@linebox=\box53
\beamer@sectioncount=\count173
\beamer@subsubsectionmax=\count174
\beamer@subsectionmax=\count175
\beamer@sectionmax=\count176
\beamer@totalheads=\count177
\beamer@headcounter=\count178
\beamer@partstartpage=\count179
\beamer@sectionstartpage=\count180
\beamer@subsectionstartpage=\count181
\beamer@animationtempa=\count182
\beamer@animationtempb=\count183
\beamer@xpos=\count184
\beamer@ypos=\count185
\beamer@ypos@offset=\count186
\beamer@showpartnumber=\count187
\beamer@currentsubsection=\count188
\beamer@coveringdepth=\count189
\beamer@sectionadjust=\count190
\beamer@tocsectionnumber=\count191

("C:\MiKTeX 2.9\tex/latex/beamer\beamerbaseoptions.sty"
("C:\MiKTeX 2.9\tex/latex/graphics\keyval.sty"
Package: keyval 2014/10/28 v1.15 key=value parser (DPC)
\KV@toks@=\toks15
))
\beamer@paperwidth=\skip48
\beamer@paperheight=\skip49

("C:\MiKTeX 2.9\tex/latex/geometry\geometry.sty"
Package: geometry 2020/01/02 v5.9 Page Geometry

("C:\MiKTeX 2.9\tex/generic/iftex\ifvtex.sty"
Package: ifvtex 2019/10/25 v1.7 ifvtex legacy package. Use iftex instead.
)
\Gm@cnth=\count192
\Gm@cntv=\count193
\c@Gm@tempcnt=\count194
\Gm@bindingoffset=\dimen150
\Gm@wd@mp=\dimen151
\Gm@odd@mp=\dimen152
\Gm@even@mp=\dimen153
\Gm@layoutwidth=\dimen154
\Gm@layoutheight=\dimen155
\Gm@layouthoffset=\dimen156
\Gm@layoutvoffset=\dimen157
\Gm@dimlist=\toks16

("C:\MiKTeX 2.9\tex/latex/geometry\geometry.cfg"))
("C:\MiKTeX 2.9\tex/latex/base\size10.clo"
File: size10.clo 2019/12/20 v1.4l Standard LaTeX file (size option)
)
("C:\MiKTeX 2.9\tex/latex/pgf/basiclayer\pgfcore.sty"
("C:\MiKTeX 2.9\tex/latex/graphics\graphicx.sty"
Package: graphicx 2019/11/30 v1.2a Enhanced LaTeX Graphics (DPC,SPQR)

("C:\MiKTeX 2.9\tex/latex/graphics\graphics.sty"
Package: graphics 2019/11/30 v1.4a Standard LaTeX Graphics (DPC,SPQR)

("C:\MiKTeX 2.9\tex/latex/graphics\trig.sty"
Package: trig 2016/01/03 v1.10 sin cos tan (DPC)
)
("C:\MiKTeX 2.9\tex/latex/graphics-cfg\graphics.cfg"
File: graphics.cfg 2016/06/04 v1.11 sample graphics configuration
)
Package graphics Info: Driver file: pdftex.def on input line 105.

("C:\MiKTeX 2.9\tex/latex/graphics-def\pdftex.def"
File: pdftex.def 2018/01/08 v1.0l Graphics/color driver for pdftex
))
\Gin@req@height=\dimen158
\Gin@req@width=\dimen159
)
("C:\MiKTeX 2.9\tex/latex/pgf/systemlayer\pgfsys.sty"
("C:\MiKTeX 2.9\tex/latex/pgf/utilities\pgfrcs.sty"
("C:\MiKTeX 2.9\tex/generic/pgf/utilities\pgfutil-common.tex"
\pgfutil@everybye=\toks17
\pgfutil@tempdima=\dimen160
\pgfutil@tempdimb=\dimen161

("C:\MiKTeX 2.9\tex/generic/pgf/utilities\pgfutil-common-lists.tex"))
("C:\MiKTeX 2.9\tex/generic/pgf/utilities\pgfutil-latex.def"
\pgfutil@abb=\box54

("C:\MiKTeX 2.9\tex/latex/ms\everyshi.sty"
Package: everyshi 2001/05/15 v3.00 EveryShipout Package (MS)
))
("C:\MiKTeX 2.9\tex/generic/pgf/utilities\pgfrcs.code.tex"
("C:\MiKTeX 2.9\tex/generic/pgf\pgf.revision.tex")
Package: pgfrcs 2020/01/08 v3.1.5b (3.1.5b)
))
("C:\MiKTeX 2.9\tex/generic/pgf/systemlayer\pgfsys.code.tex"
Package: pgfsys 2020/01/08 v3.1.5b (3.1.5b)

("C:\MiKTeX 2.9\tex/generic/pgf/utilities\pgfkeys.code.tex"
\pgfkeys@pathtoks=\toks18
\pgfkeys@temptoks=\toks19

("C:\MiKTeX 2.9\tex/generic/pgf/utilities\pgfkeysfiltered.code.tex"
\pgfkeys@tmptoks=\toks20
))
\pgf@x=\dimen162
\pgf@y=\dimen163
\pgf@xa=\dimen164
\pgf@ya=\dimen165
\pgf@xb=\dimen166
\pgf@yb=\dimen167
\pgf@xc=\dimen168
\pgf@yc=\dimen169
\pgf@xd=\dimen170
\pgf@yd=\dimen171
\w@pgf@writea=\write3
\r@pgf@reada=\read2
\c@pgf@counta=\count195
\c@pgf@countb=\count196
\c@pgf@countc=\count197
\c@pgf@countd=\count198
\t@pgf@toka=\toks21
\t@pgf@tokb=\toks22
\t@pgf@tokc=\toks23
\pgf@sys@id@count=\count199

("C:\MiKTeX 2.9\tex/generic/pgf/systemlayer\pgf.cfg"
File: pgf.cfg 2020/01/08 v3.1.5b (3.1.5b)
)
Driver file for pgf: pgfsys-pdftex.def

("C:\MiKTeX 2.9\tex/generic/pgf/systemlayer\pgfsys-pdftex.def"
File: pgfsys-pdftex.def 2020/01/08 v3.1.5b (3.1.5b)

("C:\MiKTeX 2.9\tex/generic/pgf/systemlayer\pgfsys-common-pdf.def"
File: pgfsys-common-pdf.def 2020/01/08 v3.1.5b (3.1.5b)
)))
("C:\MiKTeX 2.9\tex/generic/pgf/systemlayer\pgfsyssoftpath.code.tex"
File: pgfsyssoftpath.code.tex 2020/01/08 v3.1.5b (3.1.5b)
\pgfsyssoftpath@smallbuffer@items=\count266
\pgfsyssoftpath@bigbuffer@items=\count267
)
("C:\MiKTeX 2.9\tex/generic/pgf/systemlayer\pgfsysprotocol.code.tex"
File: pgfsysprotocol.code.tex 2020/01/08 v3.1.5b (3.1.5b)
))
("C:\MiKTeX 2.9\tex/latex/xcolor\xcolor.sty"
Package: xcolor 2016/05/11 v2.12 LaTeX color extensions (UK)

("C:\MiKTeX 2.9\tex/latex/graphics-cfg\color.cfg"
File: color.cfg 2016/01/02 v1.6 sample color configuration
)
Package xcolor Info: Driver file: pdftex.def on input line 225.
Package xcolor Info: Model `cmy' substituted by `cmy0' on input line 1348.
Package xcolor Info: Model `hsb' substituted by `rgb' on input line 1352.
Package xcolor Info: Model `RGB' extended on input line 1364.
Package xcolor Info: Model `HTML' substituted by `rgb' on input line 1366.
Package xcolor Info: Model `Hsb' substituted by `hsb' on input line 1367.
Package xcolor Info: Model `tHsb' substituted by `hsb' on input line 1368.
Package xcolor Info: Model `HSB' substituted by `hsb' on input line 1369.
Package xcolor Info: Model `Gray' substituted by `gray' on input line 1370.
Package xcolor Info: Model `wave' substituted by `hsb' on input line 1371.
)
("C:\MiKTeX 2.9\tex/generic/pgf/basiclayer\pgfcore.code.tex"
Package: pgfcore 2020/01/08 v3.1.5b (3.1.5b)

("C:\MiKTeX 2.9\tex/generic/pgf/math\pgfmath.code.tex"
("C:\MiKTeX 2.9\tex/generic/pgf/math\pgfmathcalc.code.tex"
("C:\MiKTeX 2.9\tex/generic/pgf/math\pgfmathutil.code.tex")
("C:\MiKTeX 2.9\tex/generic/pgf/math\pgfmathparser.code.tex"
\pgfmath@dimen=\dimen172
\pgfmath@count=\count268
\pgfmath@box=\box55
\pgfmath@toks=\toks24
\pgfmath@stack@operand=\toks25
\pgfmath@stack@operation=\toks26
)
("C:\MiKTeX 2.9\tex/generic/pgf/math\pgfmathfunctions.code.tex"
("C:\MiKTeX 2.9\tex/generic/pgf/math\pgfmathfunctions.basic.code.tex")
("C:\MiKTeX 2.9\tex/generic/pgf/math\pgfmathfunctions.trigonometric.code.tex")
("C:\MiKTeX 2.9\tex/generic/pgf/math\pgfmathfunctions.random.code.tex")
("C:\MiKTeX 2.9\tex/generic/pgf/math\pgfmathfunctions.comparison.code.tex")
("C:\MiKTeX 2.9\tex/generic/pgf/math\pgfmathfunctions.base.code.tex")
("C:\MiKTeX 2.9\tex/generic/pgf/math\pgfmathfunctions.round.code.tex")
("C:\MiKTeX 2.9\tex/generic/pgf/math\pgfmathfunctions.misc.code.tex")
("C:\MiKTeX 2.9\tex/generic/pgf/math\pgfmathfunctions.integerarithmetics.code.t
ex"))) ("C:\MiKTeX 2.9\tex/generic/pgf/math\pgfmathfloat.code.tex"
\c@pgfmathroundto@lastzeros=\count269
))
("C:\MiKTeX 2.9\tex/generic/pgf/math\pgfint.code.tex")
("C:\MiKTeX 2.9\tex/generic/pgf/basiclayer\pgfcorepoints.code.tex"
File: pgfcorepoints.code.tex 2020/01/08 v3.1.5b (3.1.5b)
\pgf@picminx=\dimen173
\pgf@picmaxx=\dimen174
\pgf@picminy=\dimen175
\pgf@picmaxy=\dimen176
\pgf@pathminx=\dimen177
\pgf@pathmaxx=\dimen178
\pgf@pathminy=\dimen179
\pgf@pathmaxy=\dimen180
\pgf@xx=\dimen181
\pgf@xy=\dimen182
\pgf@yx=\dimen183
\pgf@yy=\dimen184
\pgf@zx=\dimen185
\pgf@zy=\dimen186
)
("C:\MiKTeX 2.9\tex/generic/pgf/basiclayer\pgfcorepathconstruct.code.tex"
File: pgfcorepathconstruct.code.tex 2020/01/08 v3.1.5b (3.1.5b)
\pgf@path@lastx=\dimen187
\pgf@path@lasty=\dimen188
)
("C:\MiKTeX 2.9\tex/generic/pgf/basiclayer\pgfcorepathusage.code.tex"
File: pgfcorepathusage.code.tex 2020/01/08 v3.1.5b (3.1.5b)
\pgf@shorten@end@additional=\dimen189
\pgf@shorten@start@additional=\dimen190
)
("C:\MiKTeX 2.9\tex/generic/pgf/basiclayer\pgfcorescopes.code.tex"
File: pgfcorescopes.code.tex 2020/01/08 v3.1.5b (3.1.5b)
\pgfpic=\box56
\pgf@hbox=\box57
\pgf@layerbox@main=\box58
\pgf@picture@serial@count=\count270
)
("C:\MiKTeX 2.9\tex/generic/pgf/basiclayer\pgfcoregraphicstate.code.tex"
File: pgfcoregraphicstate.code.tex 2020/01/08 v3.1.5b (3.1.5b)
\pgflinewidth=\dimen191
)
("C:\MiKTeX 2.9\tex/generic/pgf/basiclayer\pgfcoretransformations.code.tex"
File: pgfcoretransformations.code.tex 2020/01/08 v3.1.5b (3.1.5b)
\pgf@pt@x=\dimen192
\pgf@pt@y=\dimen193
\pgf@pt@temp=\dimen194
)
("C:\MiKTeX 2.9\tex/generic/pgf/basiclayer\pgfcorequick.code.tex"
File: pgfcorequick.code.tex 2020/01/08 v3.1.5b (3.1.5b)
)
("C:\MiKTeX 2.9\tex/generic/pgf/basiclayer\pgfcoreobjects.code.tex"
File: pgfcoreobjects.code.tex 2020/01/08 v3.1.5b (3.1.5b)
)
("C:\MiKTeX 2.9\tex/generic/pgf/basiclayer\pgfcorepathprocessing.code.tex"
File: pgfcorepathprocessing.code.tex 2020/01/08 v3.1.5b (3.1.5b)
)
("C:\MiKTeX 2.9\tex/generic/pgf/basiclayer\pgfcorearrows.code.tex"
File: pgfcorearrows.code.tex 2020/01/08 v3.1.5b (3.1.5b)
\pgfarrowsep=\dimen195
)
("C:\MiKTeX 2.9\tex/generic/pgf/basiclayer\pgfcoreshade.code.tex"
File: pgfcoreshade.code.tex 2020/01/08 v3.1.5b (3.1.5b)
\pgf@max=\dimen196
\pgf@sys@shading@range@num=\count271
\pgf@shadingcount=\count272
)
("C:\MiKTeX 2.9\tex/generic/pgf/basiclayer\pgfcoreimage.code.tex"
File: pgfcoreimage.code.tex 2020/01/08 v3.1.5b (3.1.5b)

("C:\MiKTeX 2.9\tex/generic/pgf/basiclayer\pgfcoreexternal.code.tex"
File: pgfcoreexternal.code.tex 2020/01/08 v3.1.5b (3.1.5b)
\pgfexternal@startupbox=\box59
))
("C:\MiKTeX 2.9\tex/generic/pgf/basiclayer\pgfcorelayers.code.tex"
File: pgfcorelayers.code.tex 2020/01/08 v3.1.5b (3.1.5b)
)
("C:\MiKTeX 2.9\tex/generic/pgf/basiclayer\pgfcoretransparency.code.tex"
File: pgfcoretransparency.code.tex 2020/01/08 v3.1.5b (3.1.5b)
)
("C:\MiKTeX 2.9\tex/generic/pgf/basiclayer\pgfcorepatterns.code.tex"
File: pgfcorepatterns.code.tex 2020/01/08 v3.1.5b (3.1.5b)
)
("C:\MiKTeX 2.9\tex/generic/pgf/basiclayer\pgfcorerdf.code.tex"
File: pgfcorerdf.code.tex 2020/01/08 v3.1.5b (3.1.5b)
)))
("C:\MiKTeX 2.9\tex/latex/pgf/utilities\xxcolor.sty"
Package: xxcolor 2003/10/24 ver 0.1
\XC@nummixins=\count273
\XC@countmixins=\count274
)
("C:\MiKTeX 2.9\tex/generic/atbegshi\atbegshi.sty"
Package: atbegshi 2019/12/05 v1.19 At begin shipout hook (HO)

("C:\MiKTeX 2.9\tex/generic/infwarerr\infwarerr.sty"
Package: infwarerr 2019/12/03 v1.5 Providing info/warning/error messages (HO)
)
("C:\MiKTeX 2.9\tex/generic/ltxcmds\ltxcmds.sty"
Package: ltxcmds 2019/12/15 v1.24 LaTeX kernel commands for general use (HO)
))
("C:\MiKTeX 2.9\tex/latex/hyperref\hyperref.sty"
Package: hyperref 2020-05-15 v7.00e Hypertext links for LaTeX

("C:\MiKTeX 2.9\tex/latex/pdftexcmds\pdftexcmds.sty"
Package: pdftexcmds 2019/11/24 v0.31 Utility functions of pdfTeX for LuaTeX (HO
)
Package pdftexcmds Info: \pdf@primitive is available.
Package pdftexcmds Info: \pdf@ifprimitive is available.
Package pdftexcmds Info: \pdfdraftmode found.
)
("C:\MiKTeX 2.9\tex/generic/kvsetkeys\kvsetkeys.sty"
Package: kvsetkeys 2019/12/15 v1.18 Key value parser (HO)
)
("C:\MiKTeX 2.9\tex/generic/kvdefinekeys\kvdefinekeys.sty"
Package: kvdefinekeys 2019-12-19 v1.6 Define keys (HO)
)
("C:\MiKTeX 2.9\tex/generic/pdfescape\pdfescape.sty"
Package: pdfescape 2019/12/09 v1.15 Implements pdfTeX's escape features (HO)
)
("C:\MiKTeX 2.9\tex/latex/hycolor\hycolor.sty"
Package: hycolor 2020-01-27 v1.10 Color options for hyperref/bookmark (HO)
)
("C:\MiKTeX 2.9\tex/latex/letltxmacro\letltxmacro.sty"
Package: letltxmacro 2019/12/03 v1.6 Let assignment for LaTeX macros (HO)
)
("C:\MiKTeX 2.9\tex/latex/auxhook\auxhook.sty"
Package: auxhook 2019-12-17 v1.6 Hooks for auxiliary files (HO)
)
("C:\MiKTeX 2.9\tex/latex/kvoptions\kvoptions.sty"
Package: kvoptions 2019/11/29 v3.13 Key value format for package options (HO)
)
\@linkdim=\dimen197
\Hy@linkcounter=\count275
\Hy@pagecounter=\count276

("C:\MiKTeX 2.9\tex/latex/hyperref\pd1enc.def"
File: pd1enc.def 2020-05-15 v7.00e Hyperref: PDFDocEncoding definition (HO)
Now handling font encoding PD1 ...
... no UTF-8 mapping file for font encoding PD1
)
("C:\MiKTeX 2.9\tex/generic/intcalc\intcalc.sty"
Package: intcalc 2019/12/15 v1.3 Expandable calculations with integers (HO)
)
("C:\MiKTeX 2.9\tex/generic/etexcmds\etexcmds.sty"
Package: etexcmds 2019/12/15 v1.7 Avoid name clashes with e-TeX commands (HO)
)
\Hy@SavedSpaceFactor=\count277
Package hyperref Info: Option `bookmarks' set `true' on input line 4338.
Package hyperref Info: Option `bookmarksopen' set `true' on input line 4338.
Package hyperref Info: Option `implicit' set `false' on input line 4338.
Package hyperref Info: Hyper figures OFF on input line 4464.
Package hyperref Info: Link nesting OFF on input line 4469.
Package hyperref Info: Hyper index ON on input line 4472.
Package hyperref Info: Plain pages OFF on input line 4479.
Package hyperref Info: Backreferencing OFF on input line 4484.
Package hyperref Info: Implicit mode OFF; no redefinition of LaTeX internals.
Package hyperref Info: Bookmarks ON on input line 4717.
\c@Hy@tempcnt=\count278

("C:\MiKTeX 2.9\tex/latex/url\url.sty"
\Urlmuskip=\muskip16
Package: url 2013/09/16  ver 3.4  Verb mode for urls, etc.
)
LaTeX Info: Redefining \url on input line 5076.
\XeTeXLinkMargin=\dimen198

("C:\MiKTeX 2.9\tex/generic/bitset\bitset.sty"
Package: bitset 2019/12/09 v1.3 Handle bit-vector datatype (HO)

("C:\MiKTeX 2.9\tex/generic/bigintcalc\bigintcalc.sty"
Package: bigintcalc 2019/12/15 v1.5 Expandable calculations on big integers (HO
)
))
\Fld@menulength=\count279
\Field@Width=\dimen199
\Fld@charsize=\dimen256
Package hyperref Info: Hyper figures OFF on input line 6347.
Package hyperref Info: Link nesting OFF on input line 6352.
Package hyperref Info: Hyper index ON on input line 6355.
Package hyperref Info: backreferencing OFF on input line 6362.
Package hyperref Info: Link coloring OFF on input line 6367.
Package hyperref Info: Link coloring with OCG OFF on input line 6372.
Package hyperref Info: PDF/A mode OFF on input line 6377.
LaTeX Info: Redefining \ref on input line 6417.
LaTeX Info: Redefining \pageref on input line 6421.
\Hy@abspage=\count280


Package hyperref Message: Stopped early.

)
Package hyperref Info: Driver (autodetected): hpdftex.
 ("C:\MiKTeX 2.9\tex/latex/hyperref\hpdftex.def"
File: hpdftex.def 2020-05-15 v7.00e Hyperref driver for pdfTeX

("C:\MiKTeX 2.9\tex/latex/atveryend\atveryend.sty"
Package: atveryend 2019-12-11 v1.11 Hooks at the very end of document (HO)
)
\Fld@listcount=\count281
\c@bookmark@seq@number=\count282

("C:\MiKTeX 2.9\tex/latex/rerunfilecheck\rerunfilecheck.sty"
Package: rerunfilecheck 2019/12/05 v1.9 Rerun checks for auxiliary files (HO)

("C:\MiKTeX 2.9\tex/generic/uniquecounter\uniquecounter.sty"
Package: uniquecounter 2019/12/15 v1.4 Provide unlimited unique counter (HO)
)
Package uniquecounter Info: New unique counter `rerunfilecheck' on input line 2
86.
))
("C:\MiKTeX 2.9\tex/latex/beamer\beamerbaserequires.sty"
("C:\MiKTeX 2.9\tex/latex/beamer\beamerbasecompatibility.sty")
("C:\MiKTeX 2.9\tex/latex/beamer\beamerbasefont.sty"
("C:\MiKTeX 2.9\tex/latex/amsfonts\amssymb.sty"
Package: amssymb 2013/01/14 v3.01 AMS font symbols

("C:\MiKTeX 2.9\tex/latex/amsfonts\amsfonts.sty"
Package: amsfonts 2013/01/14 v3.01 Basic AMSFonts support
\@emptytoks=\toks27
\symAMSa=\mathgroup4
\symAMSb=\mathgroup5
LaTeX Font Info:    Redeclaring math symbol \hbar on input line 98.
LaTeX Font Info:    Overwriting math alphabet `\mathfrak' in version `bold'
(Font)                  U/euf/m/n --> U/euf/b/n on input line 106.
))
("C:\MiKTeX 2.9\tex/latex/sansmathaccent\sansmathaccent.sty"
Package: sansmathaccent 2020/01/31

("C:\MiKTeX 2.9\tex/latex/koma-script\scrlfile.sty"
Package: scrlfile 2020/04/19 v3.30 KOMA-Script package (loading files)
)))
("C:\MiKTeX 2.9\tex/latex/beamer\beamerbasetranslator.sty"
("C:\MiKTeX 2.9\tex/latex/translator\translator.sty"
Package: translator 2019-05-31 v1.12a Easy translation of strings in LaTeX
))
("C:\MiKTeX 2.9\tex/latex/beamer\beamerbasemisc.sty")
("C:\MiKTeX 2.9\tex/latex/beamer\beamerbasetwoscreens.sty")
("C:\MiKTeX 2.9\tex/latex/beamer\beamerbaseoverlay.sty"
\beamer@argscount=\count283
\beamer@lastskipcover=\skip50
\beamer@trivlistdepth=\count284
)
("C:\MiKTeX 2.9\tex/latex/beamer\beamerbasetitle.sty")
("C:\MiKTeX 2.9\tex/latex/beamer\beamerbasesection.sty"
\c@lecture=\count285
\c@part=\count286
\c@section=\count287
\c@subsection=\count288
\c@subsubsection=\count289
)
("C:\MiKTeX 2.9\tex/latex/beamer\beamerbaseframe.sty"
\beamer@framebox=\box60
\beamer@frametitlebox=\box61
\beamer@zoombox=\box62
\beamer@zoomcount=\count290
\beamer@zoomframecount=\count291
\beamer@frametextheight=\dimen257
\c@subsectionslide=\count292
\beamer@frametopskip=\skip51
\beamer@framebottomskip=\skip52
\beamer@frametopskipautobreak=\skip53
\beamer@framebottomskipautobreak=\skip54
\beamer@envbody=\toks28
\framewidth=\dimen258
\c@framenumber=\count293
)
("C:\MiKTeX 2.9\tex/latex/beamer\beamerbaseverbatim.sty"
\beamer@verbatimfileout=\write4
)
("C:\MiKTeX 2.9\tex/latex/beamer\beamerbaseframesize.sty"
\beamer@splitbox=\box63
\beamer@autobreakcount=\count294
\beamer@autobreaklastheight=\dimen259
\beamer@frametitletoks=\toks29
\beamer@framesubtitletoks=\toks30
)
("C:\MiKTeX 2.9\tex/latex/beamer\beamerbaseframecomponents.sty"
\beamer@footins=\box64
)
("C:\MiKTeX 2.9\tex/latex/beamer\beamerbasecolor.sty")
("C:\MiKTeX 2.9\tex/latex/beamer\beamerbasenotes.sty"
\beamer@frameboxcopy=\box65
)
("C:\MiKTeX 2.9\tex/latex/beamer\beamerbasetoc.sty")
("C:\MiKTeX 2.9\tex/latex/beamer\beamerbasetemplates.sty"
\beamer@sbttoks=\toks31

("C:\MiKTeX 2.9\tex/latex/beamer\beamerbaseauxtemplates.sty"
("C:\MiKTeX 2.9\tex/latex/beamer\beamerbaseboxes.sty"
\bmb@box=\box66
\bmb@colorbox=\box67
\bmb@boxshadow=\box68
\bmb@boxshadowball=\box69
\bmb@boxshadowballlarge=\box70
\bmb@temp=\dimen260
\bmb@dima=\dimen261
\bmb@dimb=\dimen262
\bmb@prevheight=\dimen263
)
\beamer@blockheadheight=\dimen264
))
("C:\MiKTeX 2.9\tex/latex/beamer\beamerbaselocalstructure.sty"
("C:\MiKTeX 2.9\tex/latex/tools\enumerate.sty"
Package: enumerate 2015/07/23 v3.00 enumerate extensions (DPC)
\@enLab=\toks32
)
\c@figure=\count295
\c@table=\count296
\abovecaptionskip=\skip55
\belowcaptionskip=\skip56
)
("C:\MiKTeX 2.9\tex/latex/beamer\beamerbasenavigation.sty"
\beamer@section@min@dim=\dimen265
)
("C:\MiKTeX 2.9\tex/latex/beamer\beamerbasetheorems.sty"
("C:\MiKTeX 2.9\tex/latex/amsmath\amsmath.sty"
Package: amsmath 2020/01/20 v2.17e AMS math features
\@mathmargin=\skip57

For additional information on amsmath, use the `?' option.
("C:\MiKTeX 2.9\tex/latex/amsmath\amstext.sty"
Package: amstext 2000/06/29 v2.01 AMS text

("C:\MiKTeX 2.9\tex/latex/amsmath\amsgen.sty"
File: amsgen.sty 1999/11/30 v2.0 generic functions
\@emptytoks=\toks33
\ex@=\dimen266
))
("C:\MiKTeX 2.9\tex/latex/amsmath\amsbsy.sty"
Package: amsbsy 1999/11/29 v1.2d Bold Symbols
\pmbraise@=\dimen267
)
("C:\MiKTeX 2.9\tex/latex/amsmath\amsopn.sty"
Package: amsopn 2016/03/08 v2.02 operator names
)
\inf@bad=\count297
LaTeX Info: Redefining \frac on input line 227.
\uproot@=\count298
\leftroot@=\count299
LaTeX Info: Redefining \overline on input line 389.
\classnum@=\count300
\DOTSCASE@=\count301
LaTeX Info: Redefining \ldots on input line 486.
LaTeX Info: Redefining \dots on input line 489.
LaTeX Info: Redefining \cdots on input line 610.
\Mathstrutbox@=\box71
\strutbox@=\box72
\big@size=\dimen268
LaTeX Font Info:    Redeclaring font encoding OML on input line 733.
LaTeX Font Info:    Redeclaring font encoding OMS on input line 734.
\macc@depth=\count302
\c@MaxMatrixCols=\count303
\dotsspace@=\muskip17
\c@parentequation=\count304
\dspbrk@lvl=\count305
\tag@help=\toks34
\row@=\count306
\column@=\count307
\maxfields@=\count308
\andhelp@=\toks35
\eqnshift@=\dimen269
\alignsep@=\dimen270
\tagshift@=\dimen271
\tagwidth@=\dimen272
\totwidth@=\dimen273
\lineht@=\dimen274
\@envbody=\toks36
\multlinegap=\skip58
\multlinetaggap=\skip59
\mathdisplay@stack=\toks37
LaTeX Info: Redefining \[ on input line 2859.
LaTeX Info: Redefining \] on input line 2860.
)
("C:\MiKTeX 2.9\tex/latex/amscls\amsthm.sty"
Package: amsthm 2017/10/31 v2.20.4
\thm@style=\toks38
\thm@bodyfont=\toks39
\thm@headfont=\toks40
\thm@notefont=\toks41
\thm@headpunct=\toks42
\thm@preskip=\skip60
\thm@postskip=\skip61
\thm@headsep=\skip62
\dth@everypar=\toks43
)
\c@theorem=\count309
)
("C:\MiKTeX 2.9\tex/latex/beamer\beamerbasethemes.sty"))
("C:\MiKTeX 2.9\tex/latex/beamer\beamerthemedefault.sty"
("C:\MiKTeX 2.9\tex/latex/beamer\beamerfontthemedefault.sty")
("C:\MiKTeX 2.9\tex/latex/beamer\beamercolorthemedefault.sty")
("C:\MiKTeX 2.9\tex/latex/beamer\beamerinnerthemedefault.sty"
\beamer@dima=\dimen275
\beamer@dimb=\dimen276
)
("C:\MiKTeX 2.9\tex/latex/beamer\beamerouterthemedefault.sty")))
("C:\MiKTeX 2.9\tex/latex/float\float.sty"
Package: float 2001/11/08 v1.3d Float enhancements (AL)
\c@float@type=\count310
\float@exts=\toks44
\float@box=\box73
\@float@everytoks=\toks45
\@floatcapt=\box74
)
("C:\MiKTeX 2.9\tex/latex/tools\verbatim.sty"
Package: verbatim 2019/11/10 v1.5r LaTeX2e package for verbatim enhancements
\every@verbatim=\toks46
\verbatim@line=\toks47
\verbatim@in@stream=\read3
)
("C:\MiKTeX 2.9\tex/latex/textpos\textpos.sty"
Package: textpos 2020/09/26 v1.10

Package: textpos 2020/09/26 1.10, absolute positioning of text on the page
Package textpos Info: choosing support for LaTeX2e on input line 61.
\TP@textbox=\box75
\TP@holdbox=\box76
\TPHorizModule=\dimen277
\TPVertModule=\dimen278
\TP@margin=\dimen279
\TP@absmargin=\dimen280
Grid set 16 x 16 = 22.7622pt x 17.07166pt
\TPboxrulesize=\dimen281
\TP@ox=\dimen282
\TP@oy=\dimen283
\TP@tbargs=\toks48
TextBlockOrigin set to 0pt x 0pt
) ("C:\MiKTeX 2.9\tex/generic/babel\babel.sty"
Package: babel 2020/05/13 3.44 The Babel package

("C:\MiKTeX 2.9\tex/generic/babel\babel.def"
File: babel.def 2020/05/13 3.44 Babel common definitions
\babel@savecnt=\count311
\U@D=\dimen284
\l@babelnohyphens=\language82

("C:\MiKTeX 2.9\tex/generic/babel\txtbabel.def")
\bbl@readstream=\read4
)
LaTeX Info: Redefining \textlatin on input line 674.
\bbl@dirlevel=\count312

*************************************
* Local config file bblopts.cfg used
*
("C:\MiKTeX 2.9\tex/latex/arabi\bblopts.cfg"
File: bblopts.cfg 2005/09/08 v0.1 add Arabic and Farsi to "declared" options of
 babel
)
("C:\MiKTeX 2.9\tex/latex/babel-english\english.ldf"
Language: english 2017/06/06 v3.3r English support from the babel system
Package babel Info: \l@canadian = using hyphenrules for english
(babel)             (\language0) on input line 102.
Package babel Info: \l@australian = using hyphenrules for ukenglish
(babel)             (\language76) on input line 105.
Package babel Info: \l@newzealand = using hyphenrules for ukenglish
(babel)             (\language76) on input line 108.
))
("C:\MiKTeX 2.9\tex/latex/listings\listings.sty"
\lst@mode=\count313
\lst@gtempboxa=\box77
\lst@token=\toks49
\lst@length=\count314
\lst@currlwidth=\dimen285
\lst@column=\count315
\lst@pos=\count316
\lst@lostspace=\dimen286
\lst@width=\dimen287
\lst@newlines=\count317
\lst@lineno=\count318
\lst@maxwidth=\dimen288

("C:\MiKTeX 2.9\tex/latex/listings\lstmisc.sty"
File: lstmisc.sty 2020/03/24 1.8d (Carsten Heinz)
\c@lstnumber=\count319
\lst@skipnumbers=\count320
\lst@framebox=\box78
)
("C:\MiKTeX 2.9\tex/latex/listings\listings.cfg"
File: listings.cfg 2020/03/24 1.8d listings configuration
))
Package: listings 2020/03/24 1.8d (Carsten Heinz)

("C:\MiKTeX 2.9\tex/latex/listings\lstlang1.sty"
File: lstlang1.sty 2020/03/24 1.8d listings language file
)
("C:\MiKTeX 2.9\tex/latex/beamer\beamerthemeMadrid.sty"
("C:\MiKTeX 2.9\tex/latex/beamer\beamercolorthemewhale.sty")
("C:\MiKTeX 2.9\tex/latex/beamer\beamercolorthemeorchid.sty")
("C:\MiKTeX 2.9\tex/latex/beamer\beamerinnerthemerounded.sty")
("C:\MiKTeX 2.9\tex/latex/beamer\beamerouterthemeinfolines.sty"))
("C:\MiKTeX 2.9\tex/latex/beamer\beamercolorthemebeaver.sty")
("C:\MiKTeX 2.9\tex/latex/l3backend\l3backend-pdfmode.def"
File: l3backend-pdfmode.def 2020-05-05 L3 backend support: PDF mode
\l__kernel_color_stack_int=\count321
\l__pdf_internal_box=\box79
) (PageRank.aux)
\openout1 = `PageRank.aux'.

LaTeX Font Info:    Checking defaults for OML/cmm/m/it on input line 55.
LaTeX Font Info:    ... okay on input line 55.
LaTeX Font Info:    Checking defaults for OMS/cmsy/m/n on input line 55.
LaTeX Font Info:    ... okay on input line 55.
LaTeX Font Info:    Checking defaults for OT1/cmr/m/n on input line 55.
LaTeX Font Info:    ... okay on input line 55.
LaTeX Font Info:    Checking defaults for T1/cmr/m/n on input line 55.
LaTeX Font Info:    ... okay on input line 55.
LaTeX Font Info:    Checking defaults for TS1/cmr/m/n on input line 55.
LaTeX Font Info:    ... okay on input line 55.
LaTeX Font Info:    Checking defaults for OMX/cmex/m/n on input line 55.
LaTeX Font Info:    ... okay on input line 55.
LaTeX Font Info:    Checking defaults for U/cmr/m/n on input line 55.
LaTeX Font Info:    ... okay on input line 55.
LaTeX Font Info:    Checking defaults for PD1/pdf/m/n on input line 55.
LaTeX Font Info:    ... okay on input line 55.

*geometry* driver: auto-detecting
*geometry* detected driver: pdftex
*geometry* verbose mode - [ preamble ] result:
* driver: pdftex
* paper: custom
* layout: <same size as paper>
* layoutoffset:(h,v)=(0.0pt,0.0pt)
* modes: includehead includefoot 
* h-part:(L,W,R)=(10.00002pt, 344.19533pt, 10.00002pt)
* v-part:(T,H,B)=(0.0pt, 273.14662pt, 0.0pt)
* \paperwidth=364.19536pt
* \paperheight=273.14662pt
* \textwidth=344.19533pt
* \textheight=244.6939pt
* \oddsidemargin=-62.26997pt
* \evensidemargin=-62.26997pt
* \topmargin=-72.26999pt
* \headheight=14.22636pt
* \headsep=0.0pt
* \topskip=10.0pt
* \footskip=14.22636pt
* \marginparwidth=3.0pt
* \marginparsep=11.0pt
* \columnsep=10.0pt
* \skip\footins=9.0pt plus 4.0pt minus 2.0pt
* \hoffset=0.0pt
* \voffset=0.0pt
* \mag=1000
* \@twocolumnfalse
* \@twosidefalse
* \@mparswitchfalse
* \@reversemarginfalse
* (1in=72.27pt=25.4mm, 1cm=28.453pt)

("C:\MiKTeX 2.9\tex/context/base/mkii\supp-pdf.mkii"
[Loading MPS to PDF converter (version 2006.09.02).]
\scratchcounter=\count322
\scratchdimen=\dimen289
\scratchbox=\box80
\nofMPsegments=\count323
\nofMParguments=\count324
\everyMPshowfont=\toks50
\MPscratchCnt=\count325
\MPscratchDim=\dimen290
\MPnumerator=\count326
\makeMPintoPDFobject=\count327
\everyMPtoPDFconversion=\toks51
) ("C:\MiKTeX 2.9\tex/latex/epstopdf-pkg\epstopdf-base.sty"
Package: epstopdf-base 2020-01-24 v2.11 Base part for package epstopdf
Package epstopdf-base Info: Redefining graphics rule for `.eps' on input line 4
85.
)
ABD: EveryShipout initializing macros
\AtBeginShipoutBox=\box81
Package hyperref Info: Link coloring OFF on input line 55.

("C:\MiKTeX 2.9\tex/latex/hyperref\nameref.sty"
Package: nameref 2019/09/16 v2.46 Cross-referencing by name of section

("C:\MiKTeX 2.9\tex/latex/refcount\refcount.sty"
Package: refcount 2019/12/15 v3.6 Data extraction from label references (HO)
)
("C:\MiKTeX 2.9\tex/generic/gettitlestring\gettitlestring.sty"
Package: gettitlestring 2019/12/15 v1.6 Cleanup title references (HO)
)
\c@section@level=\count328
)
LaTeX Info: Redefining \ref on input line 55.
LaTeX Info: Redefining \pageref on input line 55.
LaTeX Info: Redefining \nameref on input line 55.
 (PageRank.out) (PageRank.out)
\@outlinefile=\write5
\openout5 = `PageRank.out'.

LaTeX Font Info:    Overwriting symbol font `operators' in version `normal'
(Font)                  OT1/cmr/m/n --> OT1/cmss/m/n on input line 55.
LaTeX Font Info:    Overwriting symbol font `operators' in version `bold'
(Font)                  OT1/cmr/bx/n --> OT1/cmss/b/n on input line 55.
\symnumbers=\mathgroup6
\sympureletters=\mathgroup7
LaTeX Font Info:    Overwriting math alphabet `\mathrm' in version `normal'
(Font)                  OT1/cmss/m/n --> OT1/cmr/m/n on input line 55.
LaTeX Font Info:    Redeclaring math alphabet \mathbf on input line 55.
LaTeX Font Info:    Overwriting math alphabet `\mathbf' in version `normal'
(Font)                  OT1/cmr/bx/n --> OT1/cmss/b/n on input line 55.
LaTeX Font Info:    Overwriting math alphabet `\mathbf' in version `bold'
(Font)                  OT1/cmr/bx/n --> OT1/cmss/b/n on input line 55.
LaTeX Font Info:    Redeclaring math alphabet \mathsf on input line 55.
LaTeX Font Info:    Overwriting math alphabet `\mathsf' in version `normal'
(Font)                  OT1/cmss/m/n --> OT1/cmss/m/n on input line 55.
LaTeX Font Info:    Overwriting math alphabet `\mathsf' in version `bold'
(Font)                  OT1/cmss/bx/n --> OT1/cmss/m/n on input line 55.
LaTeX Font Info:    Redeclaring math alphabet \mathit on input line 55.
LaTeX Font Info:    Overwriting math alphabet `\mathit' in version `normal'
(Font)                  OT1/cmr/m/it --> OT1/cmss/m/it on input line 55.
LaTeX Font Info:    Overwriting math alphabet `\mathit' in version `bold'
(Font)                  OT1/cmr/bx/it --> OT1/cmss/m/it on input line 55.
LaTeX Font Info:    Redeclaring math alphabet \mathtt on input line 55.
LaTeX Font Info:    Overwriting math alphabet `\mathtt' in version `normal'
(Font)                  OT1/cmtt/m/n --> OT1/cmtt/m/n on input line 55.
LaTeX Font Info:    Overwriting math alphabet `\mathtt' in version `bold'
(Font)                  OT1/cmtt/m/n --> OT1/cmtt/m/n on input line 55.
LaTeX Font Info:    Overwriting symbol font `numbers' in version `bold'
(Font)                  OT1/cmss/m/n --> OT1/cmss/b/n on input line 55.
LaTeX Font Info:    Overwriting symbol font `pureletters' in version `bold'
(Font)                  OT1/cmss/m/it --> OT1/cmss/b/it on input line 55.
LaTeX Font Info:    Overwriting math alphabet `\mathrm' in version `bold'
(Font)                  OT1/cmss/b/n --> OT1/cmr/b/n on input line 55.
LaTeX Font Info:    Overwriting math alphabet `\mathbf' in version `bold'
(Font)                  OT1/cmss/b/n --> OT1/cmss/b/n on input line 55.
LaTeX Font Info:    Overwriting math alphabet `\mathsf' in version `bold'
(Font)                  OT1/cmss/m/n --> OT1/cmss/b/n on input line 55.
LaTeX Font Info:    Overwriting math alphabet `\mathit' in version `bold'
(Font)                  OT1/cmss/m/it --> OT1/cmss/b/it on input line 55.
LaTeX Font Info:    Overwriting math alphabet `\mathtt' in version `bold'
(Font)                  OT1/cmtt/m/n --> OT1/cmtt/b/n on input line 55.
LaTeX Font Info:    Redeclaring symbol font `pureletters' on input line 55.
LaTeX Font Info:    Overwriting symbol font `pureletters' in version `normal'
(Font)                  OT1/cmss/m/it --> OT1/mathkerncmss/m/sl on input line 5
5.
LaTeX Font Info:    Overwriting symbol font `pureletters' in version `bold'
(Font)                  OT1/cmss/b/it --> OT1/mathkerncmss/m/sl on input line 5
5.
LaTeX Font Info:    Overwriting symbol font `pureletters' in version `bold'
(Font)                  OT1/mathkerncmss/m/sl --> OT1/mathkerncmss/bx/sl on inp
ut line 55.

("C:\MiKTeX 2.9\tex/latex/translator\translator-basic-dictionary-English.dict"
Dictionary: translator-basic-dictionary, Language: English 
)
("C:\MiKTeX 2.9\tex/latex/translator\translator-bibliography-dictionary-English
.dict"
Dictionary: translator-bibliography-dictionary, Language: English 
)
("C:\MiKTeX 2.9\tex/latex/translator\translator-environment-dictionary-English.
dict"
Dictionary: translator-environment-dictionary, Language: English 
)
("C:\MiKTeX 2.9\tex/latex/translator\translator-months-dictionary-English.dict"
Dictionary: translator-months-dictionary, Language: English 
)
("C:\MiKTeX 2.9\tex/latex/translator\translator-numbers-dictionary-English.dict
"
Dictionary: translator-numbers-dictionary, Language: English 
)
("C:\MiKTeX 2.9\tex/latex/translator\translator-theorem-dictionary-English.dict
"
Dictionary: translator-theorem-dictionary, Language: English 
)
\c@lstlisting=\count329
 (PageRank.nav)

LaTeX Font Warning: Font shape `OT1/cmss/m/sc' in size <17.28> not available
(Font)              Font shape `OT1/cmr/m/sc' tried instead on input line 66.


LaTeX Font Warning: Font shape `OT1/cmss/bx/sc' undefined
(Font)              using `OT1/cmss/bx/n' instead on input line 66.

[1

{C:/Users/39389/AppData/Local/MiKTeX/2.9/pdftex/config/pdftex.map}]
<ricerca.png, id=33, 598.6365pt x 506.49225pt>
File: ricerca.png Graphic file (type png)
<use ricerca.png>
Package pdftex.def Info: ricerca.png  used on input line 88.
(pdftex.def)             Requested size: 149.65875pt x 126.62274pt.
 [2

 <./ricerca.png>]
<graph.png, id=46, 747.79375pt x 544.0325pt>
File: graph.png Graphic file (type png)
<use graph.png>
Package pdftex.def Info: graph.png  used on input line 104.
(pdftex.def)             Requested size: 171.98894pt x 125.12483pt.

Overfull \vbox (0.81674pt too high) detected at line 104
 []

[3

 <./graph.png>]
LaTeX Font Info:    Trying to load font information for U+msa on input line 122
.
 ("C:\MiKTeX 2.9\tex/latex/amsfonts\umsa.fd"
File: umsa.fd 2013/01/14 v3.01 AMS symbols A
)
LaTeX Font Info:    Trying to load font information for U+msb on input line 122
.

("C:\MiKTeX 2.9\tex/latex/amsfonts\umsb.fd"
File: umsb.fd 2013/01/14 v3.01 AMS symbols B
)
LaTeX Font Info:    Trying to load font information for OT1+mathkerncmss on inp
ut line 122.

("C:\MiKTeX 2.9\tex/latex/sansmathaccent\ot1mathkerncmss.fd"
File: ot1mathkerncmss.fd 2020/01/31 Fontinst v1.933 font definitions for OT1/ma
thkerncmss.
) [4

] [5

]
\openout4 = `PageRank.vrb'.


(PageRank.vrb
LaTeX Font Info:    Trying to load font information for TS1+cmss on input line 
4.
 ("C:\MiKTeX 2.9\tex/latex/base\ts1cmss.fd"
File: ts1cmss.fd 2019/12/16 v2.5j Standard LaTeX font definitions
)) [6

]
\openout4 = `PageRank.vrb'.

 (PageRank.vrb
LaTeX Font Info:    Trying to load font information for OMS+cmss on input line 
4.
LaTeX Font Info:    No file OMScmss.fd. on input line 4.


LaTeX Font Warning: Font shape `OMS/cmss/m/n' undefined
(Font)              using `OMS/cmsy/m/n' instead
(Font)              for symbol `textbraceleft' on input line 4.

LaTeX Font Info:    Trying to load font information for OML+cmss on input line 
9.
LaTeX Font Info:    No file OMLcmss.fd. on input line 9.

LaTeX Font Warning: Font shape `OML/cmss/m/n' undefined
(Font)              using `OML/cmm/m/it' instead
(Font)              for symbol `textless' on input line 9.

)
Overfull \vbox (9.11908pt too high) detected at line 217
 []

[7

]
<pi.png, id=87, 410.53375pt x 279.0425pt>
File: pi.png Graphic file (type png)
<use pi.png>
Package pdftex.def Info: pi.png  used on input line 233.
(pdftex.def)             Requested size: 164.21059pt x 111.615pt.
<error.png, id=88, 390.45876pt x 279.0425pt>
File: error.png Graphic file (type png)
<use error.png>
Package pdftex.def Info: error.png  used on input line 233.
(pdftex.def)             Requested size: 117.13852pt x 83.7134pt.

Overfull \vbox (3.52031pt too high) detected at line 233
 []

[8

 <./pi.png> <./error.png>]
<top10.png, id=97, 336.0555pt x 169.8345pt>
File: top10.png Graphic file (type png)
<use top10.png>
Package pdftex.def Info: top10.png  used on input line 245.
(pdftex.def)             Requested size: 268.84476pt x 135.86777pt.
 [9

 <./top10.png>]
<first30.png, id=105, 401.5pt x 279.0425pt>
File: first30.png Graphic file (type png)
<use first30.png>
Package pdftex.def Info: first30.png  used on input line 271.
(pdftex.def)             Requested size: 137.67603pt x 95.68643pt.
<first30_2.png, id=106, 410.53375pt x 279.0425pt>
File: first30_2.png Graphic file (type png)
<use first30_2.png>
Package pdftex.def Info: first30_2.png  used on input line 271.
(pdftex.def)             Requested size: 137.67603pt x 93.5788pt.
 [10

 <./first30.png> <./first30_2.png>]
<random100.png, id=117, 410.53375pt x 279.0425pt>
File: random100.png Graphic file (type png)
<use random100.png>
Package pdftex.def Info: random100.png  used on input line 284.
(pdftex.def)             Requested size: 246.32214pt x 167.42679pt.
 [11

 <./random100.png>]
<alpha1.png, id=125, 410.53375pt x 279.0425pt>
File: alpha1.png Graphic file (type png)
<use alpha1.png>
Package pdftex.def Info: alpha1.png  used on input line 303.
(pdftex.def)             Requested size: 137.67603pt x 93.5788pt.
<alpha2.png, id=126, 417.56pt x 279.0425pt>
File: alpha2.png Graphic file (type png)
<use alpha2.png>
Package pdftex.def Info: alpha2.png  used on input line 303.
(pdftex.def)             Requested size: 137.67603pt x 92.0034pt.
 [12

 <./alpha1.png> <./alpha2.png>]
<it_vs_alpha.png, id=136, 396.48125pt x 279.0425pt>
File: it_vs_alpha.png Graphic file (type png)
<use it_vs_alpha.png>
Package pdftex.def Info: it_vs_alpha.png  used on input line 316.
(pdftex.def)             Requested size: 257.70975pt x 181.37546pt.
 [13

 <./it_vs_alpha.png>]
\tf@nav=\write6
\openout6 = `PageRank.nav'.

\tf@toc=\write7
\openout7 = `PageRank.toc'.

\tf@snm=\write8
\openout8 = `PageRank.snm'.

Package atveryend Info: Empty hook `BeforeClearDocument' on input line 322.
Package atveryend Info: Empty hook `AfterLastShipout' on input line 322.
 (PageRank.aux)
Package atveryend Info: Executing hook `AtVeryEndDocument' on input line 322.
Package atveryend Info: Executing hook `AtEndAfterFileList' on input line 322.
Package rerunfilecheck Info: File `PageRank.out' has not changed.
(rerunfilecheck)             Checksum: D41D8CD98F00B204E9800998ECF8427E;0.


LaTeX Font Warning: Some font shapes were not available, defaults substituted.

 ) 
Here is how much of TeX's memory you used:
 20849 strings out of 480765
 380050 string characters out of 2910918
 943914 words of memory out of 3000000
 36337 multiletter control sequences out of 15000+200000
 540298 words of font info for 52 fonts, out of 3000000 for 9000
 1141 hyphenation exceptions out of 8191
 58i,15n,67p,821b,1478s stack positions out of 5000i,500n,10000p,200000b,50000s
 <C:\Users\39389\AppData\Local\MiKTeX\2.9\fonts/pk/ljfour/jknappen/ec/dpi600\
tcss0500.pk><C:/MiKTeX 2.9/fonts/type1/public/amsfonts/cm/cmcsc10.pfb><C:/MiKTe
X 2.9/fonts/type1/public/amsfonts/cm/cmex10.pfb><C:/MiKTeX 2.9/fonts/type1/publ
ic/amsfonts/cm/cmmi10.pfb><C:/MiKTeX 2.9/fonts/type1/public/amsfonts/cm/cmmi12.
pfb><C:/MiKTeX 2.9/fonts/type1/public/amsfonts/cm/cmmi5.pfb><C:/MiKTeX 2.9/font
s/type1/public/amsfonts/cm/cmmi7.pfb><C:/MiKTeX 2.9/fonts/type1/public/amsfonts
/cm/cmss10.pfb><C:/MiKTeX 2.9/fonts/type1/public/amsfonts/cm/cmss12.pfb><C:/MiK
TeX 2.9/fonts/type1/public/amsfonts/cm/cmss8.pfb><C:/MiKTeX 2.9/fonts/type1/pub
lic/amsfonts/cm/cmssbx10.pfb><C:/MiKTeX 2.9/fonts/type1/public/amsfonts/cm/cmss
i10.pfb><C:/MiKTeX 2.9/fonts/type1/public/amsfonts/cm/cmssi8.pfb><C:/MiKTeX 2.9
/fonts/type1/public/amsfonts/cm/cmsy10.pfb><C:/MiKTeX 2.9/fonts/type1/public/am
sfonts/cm/cmsy5.pfb><C:/MiKTeX 2.9/fonts/type1/public/amsfonts/cm/cmsy7.pfb>
Output written on PageRank.pdf (13 pages, 491540 bytes).
PDF statistics:
 204 PDF objects out of 1000 (max. 8388607)
 27 named destinations out of 1000 (max. 500000)
 128 words of extra memory for PDF output out of 10000 (max. 10000000)

